<?xml version="1.0" encoding="UTF-8"?>
<!-- Generated by org.testng.reporters.JUnitXMLReporter -->
<testsuite ignored="0" hostname="LAPTOP-DOES8190" failures="0" tests="23" name="Test" time="18.133" errors="0" timestamp="2023-11-08T13:12:21 IST">
  <testcase classname="Testcases.LoginPageTest" name="browsesetup" time="8.635"/>
  <testcase classname="Testcases.LoginPageTest" name="tc1" time="0.818"/>
  <testcase classname="Testcases.LoginPageTest" name="tc2" time="0.139"/>
  <testcase classname="Testcases.LoginPageTest" name="tc3" time="0.073"/>
  <testcase classname="Testcases.RecruitmentTest" name="tc1" time="5.35"/>
  <testcase classname="Testcases.RecruitmentTest" name="tc2" time="0.09"/>
  <testcase classname="Testcases.RecruitmentTest" name="tc3" time="0.061"/>
  <testcase classname="Testcases.RecruitmentTest" name="tc4" time="0.067"/>
  <testcase classname="Testcases.RecruitmentTest" name="tc5" time="0.071"/>
  <testcase classname="Testcases.RecruitmentTest" name="tc6" time="0.06"/>
  <testcase classname="Testcases.RecruitmentTest" name="tc7" time="0.094"/>
  <testcase classname="Testcases.RecruitmentTest" name="tc8" time="0.839"/>
  <testcase classname="Testcases.RecruitmentTest" name="tc9" time="0.065"/>
  <testcase classname="Testcases.RecruitmentTest" name="tc10" time="0.05"/>
  <testcase classname="Testcases.RecruitmentTest" name="tc11" time="0.215"/>
  <testcase classname="Testcases.RecruitmentTest" name="tc12" time="0.441"/>
  <testcase classname="Testcases.RecruitmentTest" name="tc13" time="0.421"/>
  <testcase classname="Testcases.RecruitmentTest" name="tc14" time="0.051"/>
  <testcase classname="Testcases.RecruitmentTest" name="tc15" time="0.067"/>
  <testcase classname="Testcases.RecruitmentTest" name="tc16" time="0.032"/>
  <testcase classname="Testcases.RecruitmentTest" name="tc17" time="0.018"/>
  <testcase classname="Testcases.RecruitmentTest" name="tc18" time="0.106"/>
  <testcase classname="Testcases.RecruitmentTest" name="tc19" time="0.279"/>
</testsuite> <!-- Test -->
