<?xml version="1.0" encoding="UTF-8"?>
<testng-results ignored="0" total="23" passed="23" failed="0" skipped="0">
  <reporter-output>
  </reporter-output>
  <suite started-at="2023-11-08T13:12:03 IST" name="Suite" finished-at="2023-11-08T13:12:21 IST" duration-ms="18133">
    <groups>
    </groups>
    <test started-at="2023-11-08T13:12:03 IST" name="Test" finished-at="2023-11-08T13:12:21 IST" duration-ms="18133">
      <class name="Testcases.RecruitmentTest">
        <test-method signature="tc1()[pri:0, instance:Testcases.RecruitmentTest@78e4deb0]" started-at="2023-11-08T13:12:13 IST" name="tc1" finished-at="2023-11-08T13:12:18 IST" duration-ms="5350" status="PASS">
          <reporter-output>
          </reporter-output>
        </test-method> <!-- tc1 -->
        <test-method signature="tc2()[pri:1, instance:Testcases.RecruitmentTest@78e4deb0]" started-at="2023-11-08T13:12:18 IST" name="tc2" finished-at="2023-11-08T13:12:18 IST" duration-ms="90" status="PASS">
          <reporter-output>
          </reporter-output>
        </test-method> <!-- tc2 -->
        <test-method signature="tc3()[pri:2, instance:Testcases.RecruitmentTest@78e4deb0]" started-at="2023-11-08T13:12:18 IST" name="tc3" finished-at="2023-11-08T13:12:18 IST" duration-ms="61" status="PASS">
          <reporter-output>
          </reporter-output>
        </test-method> <!-- tc3 -->
        <test-method signature="tc4()[pri:3, instance:Testcases.RecruitmentTest@78e4deb0]" started-at="2023-11-08T13:12:18 IST" name="tc4" finished-at="2023-11-08T13:12:18 IST" duration-ms="67" status="PASS">
          <reporter-output>
          </reporter-output>
        </test-method> <!-- tc4 -->
        <test-method signature="tc5()[pri:4, instance:Testcases.RecruitmentTest@78e4deb0]" started-at="2023-11-08T13:12:18 IST" name="tc5" finished-at="2023-11-08T13:12:19 IST" duration-ms="71" status="PASS">
          <reporter-output>
          </reporter-output>
        </test-method> <!-- tc5 -->
        <test-method signature="tc6()[pri:5, instance:Testcases.RecruitmentTest@78e4deb0]" started-at="2023-11-08T13:12:19 IST" name="tc6" finished-at="2023-11-08T13:12:19 IST" duration-ms="60" status="PASS">
          <reporter-output>
          </reporter-output>
        </test-method> <!-- tc6 -->
        <test-method signature="tc7()[pri:6, instance:Testcases.RecruitmentTest@78e4deb0]" started-at="2023-11-08T13:12:19 IST" name="tc7" finished-at="2023-11-08T13:12:19 IST" duration-ms="94" status="PASS">
          <reporter-output>
          </reporter-output>
        </test-method> <!-- tc7 -->
        <test-method signature="tc8()[pri:7, instance:Testcases.RecruitmentTest@78e4deb0]" started-at="2023-11-08T13:12:19 IST" name="tc8" finished-at="2023-11-08T13:12:20 IST" duration-ms="839" status="PASS">
          <reporter-output>
          </reporter-output>
        </test-method> <!-- tc8 -->
        <test-method signature="tc9()[pri:8, instance:Testcases.RecruitmentTest@78e4deb0]" started-at="2023-11-08T13:12:20 IST" name="tc9" finished-at="2023-11-08T13:12:20 IST" duration-ms="65" status="PASS">
          <reporter-output>
          </reporter-output>
        </test-method> <!-- tc9 -->
        <test-method signature="tc10()[pri:9, instance:Testcases.RecruitmentTest@78e4deb0]" started-at="2023-11-08T13:12:20 IST" name="tc10" finished-at="2023-11-08T13:12:20 IST" duration-ms="50" status="PASS">
          <reporter-output>
          </reporter-output>
        </test-method> <!-- tc10 -->
        <test-method signature="tc11()[pri:10, instance:Testcases.RecruitmentTest@78e4deb0]" started-at="2023-11-08T13:12:20 IST" name="tc11" finished-at="2023-11-08T13:12:20 IST" duration-ms="215" status="PASS">
          <reporter-output>
          </reporter-output>
        </test-method> <!-- tc11 -->
        <test-method signature="tc12()[pri:11, instance:Testcases.RecruitmentTest@78e4deb0]" started-at="2023-11-08T13:12:20 IST" name="tc12" finished-at="2023-11-08T13:12:20 IST" duration-ms="441" status="PASS">
          <reporter-output>
          </reporter-output>
        </test-method> <!-- tc12 -->
        <test-method signature="tc13()[pri:12, instance:Testcases.RecruitmentTest@78e4deb0]" started-at="2023-11-08T13:12:20 IST" name="tc13" finished-at="2023-11-08T13:12:21 IST" duration-ms="421" status="PASS">
          <reporter-output>
          </reporter-output>
        </test-method> <!-- tc13 -->
        <test-method signature="tc14()[pri:13, instance:Testcases.RecruitmentTest@78e4deb0]" started-at="2023-11-08T13:12:21 IST" name="tc14" finished-at="2023-11-08T13:12:21 IST" duration-ms="51" status="PASS">
          <reporter-output>
          </reporter-output>
        </test-method> <!-- tc14 -->
        <test-method signature="tc15()[pri:14, instance:Testcases.RecruitmentTest@78e4deb0]" started-at="2023-11-08T13:12:21 IST" name="tc15" finished-at="2023-11-08T13:12:21 IST" duration-ms="67" status="PASS">
          <reporter-output>
          </reporter-output>
        </test-method> <!-- tc15 -->
        <test-method signature="tc16()[pri:15, instance:Testcases.RecruitmentTest@78e4deb0]" started-at="2023-11-08T13:12:21 IST" name="tc16" finished-at="2023-11-08T13:12:21 IST" duration-ms="32" status="PASS">
          <reporter-output>
          </reporter-output>
        </test-method> <!-- tc16 -->
        <test-method signature="tc17()[pri:16, instance:Testcases.RecruitmentTest@78e4deb0]" started-at="2023-11-08T13:12:21 IST" name="tc17" finished-at="2023-11-08T13:12:21 IST" duration-ms="18" status="PASS">
          <reporter-output>
          </reporter-output>
        </test-method> <!-- tc17 -->
        <test-method signature="tc18()[pri:17, instance:Testcases.RecruitmentTest@78e4deb0]" started-at="2023-11-08T13:12:21 IST" name="tc18" finished-at="2023-11-08T13:12:21 IST" duration-ms="106" status="PASS">
          <reporter-output>
          </reporter-output>
        </test-method> <!-- tc18 -->
        <test-method signature="tc19()[pri:18, instance:Testcases.RecruitmentTest@78e4deb0]" started-at="2023-11-08T13:12:21 IST" name="tc19" finished-at="2023-11-08T13:12:21 IST" duration-ms="279" status="PASS">
          <reporter-output>
          </reporter-output>
        </test-method> <!-- tc19 -->
      </class> <!-- Testcases.RecruitmentTest -->
      <class name="Testcases.LoginPageTest">
        <test-method signature="browsesetup()[pri:0, instance:Testcases.LoginPageTest@25641d39]" started-at="2023-11-08T13:12:03 IST" name="browsesetup" finished-at="2023-11-08T13:12:12 IST" duration-ms="8635" status="PASS">
          <reporter-output>
          </reporter-output>
        </test-method> <!-- browsesetup -->
        <test-method signature="tc1()[pri:0, instance:Testcases.LoginPageTest@25641d39]" started-at="2023-11-08T13:12:12 IST" name="tc1" finished-at="2023-11-08T13:12:13 IST" duration-ms="818" status="PASS">
          <reporter-output>
          </reporter-output>
        </test-method> <!-- tc1 -->
        <test-method signature="tc2()[pri:0, instance:Testcases.LoginPageTest@25641d39]" started-at="2023-11-08T13:12:13 IST" name="tc2" finished-at="2023-11-08T13:12:13 IST" duration-ms="139" status="PASS">
          <reporter-output>
          </reporter-output>
        </test-method> <!-- tc2 -->
        <test-method signature="tc3()[pri:0, instance:Testcases.LoginPageTest@25641d39]" started-at="2023-11-08T13:12:13 IST" name="tc3" finished-at="2023-11-08T13:12:13 IST" duration-ms="73" status="PASS">
          <reporter-output>
          </reporter-output>
        </test-method> <!-- tc3 -->
      </class> <!-- Testcases.LoginPageTest -->
    </test> <!-- Test -->
  </suite> <!-- Suite -->
</testng-results>
