<?xml version="1.0" encoding="UTF-8"?>
<testng-results ignored="0" total="2" passed="2" failed="0" skipped="0">
  <reporter-output>
  </reporter-output>
  <suite started-at="2023-10-09T15:56:11 IST" name="Default suite" finished-at="2023-10-09T15:56:12 IST" duration-ms="971">
    <groups>
      <group name="regression ">
        <method signature="NewTest.fillingform()[pri:0, instance:demo_pract_first.NewTest@1d96d872]" name="fillingform" class="demo_pract_first.NewTest"/>
      </group> <!-- regression  -->
      <group name="smoke">
        <method signature="NewTest.f()[pri:0, instance:demo_pract_first.NewTest@1d96d872]" name="f" class="demo_pract_first.NewTest"/>
      </group> <!-- smoke -->
    </groups>
    <test started-at="2023-10-09T15:56:11 IST" name="Default test" finished-at="2023-10-09T15:56:12 IST" duration-ms="971">
      <class name="demo_pract_first.NewTest">
        <test-method is-config="true" signature="beforeSuite()[pri:0, instance:demo_pract_first.NewTest@1d96d872]" started-at="2023-10-09T15:55:47 IST" name="beforeSuite" finished-at="2023-10-09T15:56:11 IST" duration-ms="24836" status="PASS">
          <reporter-output>
          </reporter-output>
        </test-method> <!-- beforeSuite -->
        <test-method signature="f()[pri:0, instance:demo_pract_first.NewTest@1d96d872]" started-at="2023-10-09T15:56:12 IST" name="f" finished-at="2023-10-09T15:56:12 IST" duration-ms="649" status="PASS">
          <reporter-output>
          </reporter-output>
        </test-method> <!-- f -->
        <test-method signature="fillingform()[pri:0, instance:demo_pract_first.NewTest@1d96d872]" started-at="2023-10-09T15:56:12 IST" name="fillingform" finished-at="2023-10-09T15:56:12 IST" duration-ms="227" status="PASS">
          <reporter-output>
          </reporter-output>
        </test-method> <!-- fillingform -->
        <test-method is-config="true" signature="afterSuite()[pri:0, instance:demo_pract_first.NewTest@1d96d872]" started-at="2023-10-09T15:56:13 IST" name="afterSuite" finished-at="2023-10-09T15:56:13 IST" duration-ms="1" status="PASS">
          <reporter-output>
          </reporter-output>
        </test-method> <!-- afterSuite -->
      </class> <!-- demo_pract_first.NewTest -->
    </test> <!-- Default test -->
  </suite> <!-- Default suite -->
</testng-results>
