<?xml version="1.0" encoding="UTF-8"?>
<!-- Generated by org.testng.reporters.JUnitXMLReporter -->
<testsuite ignored="0" hostname="LAPTOP-DOES8190" failures="0" tests="7" name="Test" time="14.447" errors="0" timestamp="2023-11-28T16:14:37 IST">
  <testcase classname="testcases.All_Testcases" name="Tc1" time="10.026"/>
  <testcase classname="testcases.All_Testcases" name="Tc2" time="1.453"/>
  <testcase classname="testcases.All_Testcases" name="Tc3" time="0.921"/>
  <testcase classname="testcases.All_Testcases" name="Tc4" time="0.402"/>
  <testcase classname="testcases.All_Testcases" name="Tc5" time="0.827"/>
  <testcase classname="testcases.All_Testcases" name="Tc6" time="0.609"/>
  <testcase classname="testcases.All_Testcases" name="Tc7" time="0.09"/>
</testsuite> <!-- Test -->
