<?xml version="1.0" encoding="UTF-8"?>
<testng-results ignored="0" total="7" passed="7" failed="0" skipped="0">
  <reporter-output>
  </reporter-output>
  <suite started-at="2023-11-28T16:14:23 IST" name="Suite" finished-at="2023-11-28T16:14:37 IST" duration-ms="14447">
    <groups>
    </groups>
    <test started-at="2023-11-28T16:14:23 IST" name="Test" finished-at="2023-11-28T16:14:37 IST" duration-ms="14447">
      <class name="testcases.All_Testcases">
        <test-method signature="Tc1()[pri:0, instance:testcases.All_Testcases@4f80542f]" started-at="2023-11-28T16:14:23 IST" name="Tc1" finished-at="2023-11-28T16:14:33 IST" duration-ms="10026" status="PASS">
          <reporter-output>
          </reporter-output>
        </test-method> <!-- Tc1 -->
        <test-method signature="Tc2()[pri:0, instance:testcases.All_Testcases@4f80542f]" started-at="2023-11-28T16:14:33 IST" name="Tc2" finished-at="2023-11-28T16:14:34 IST" duration-ms="1453" status="PASS">
          <reporter-output>
          </reporter-output>
        </test-method> <!-- Tc2 -->
        <test-method signature="Tc3()[pri:0, instance:testcases.All_Testcases@4f80542f]" started-at="2023-11-28T16:14:34 IST" name="Tc3" finished-at="2023-11-28T16:14:35 IST" duration-ms="921" status="PASS">
          <reporter-output>
          </reporter-output>
        </test-method> <!-- Tc3 -->
        <test-method signature="Tc4()[pri:0, instance:testcases.All_Testcases@4f80542f]" started-at="2023-11-28T16:14:35 IST" name="Tc4" finished-at="2023-11-28T16:14:36 IST" duration-ms="402" status="PASS">
          <reporter-output>
          </reporter-output>
        </test-method> <!-- Tc4 -->
        <test-method signature="Tc5()[pri:0, instance:testcases.All_Testcases@4f80542f]" started-at="2023-11-28T16:14:36 IST" name="Tc5" finished-at="2023-11-28T16:14:36 IST" duration-ms="827" status="PASS">
          <reporter-output>
          </reporter-output>
        </test-method> <!-- Tc5 -->
        <test-method signature="Tc6()[pri:0, instance:testcases.All_Testcases@4f80542f]" started-at="2023-11-28T16:14:36 IST" name="Tc6" finished-at="2023-11-28T16:14:37 IST" duration-ms="609" status="PASS">
          <reporter-output>
          </reporter-output>
        </test-method> <!-- Tc6 -->
        <test-method signature="Tc7()[pri:0, instance:testcases.All_Testcases@4f80542f]" started-at="2023-11-28T16:14:37 IST" name="Tc7" finished-at="2023-11-28T16:14:37 IST" duration-ms="90" status="PASS">
          <reporter-output>
          </reporter-output>
        </test-method> <!-- Tc7 -->
      </class> <!-- testcases.All_Testcases -->
    </test> <!-- Test -->
  </suite> <!-- Suite -->
</testng-results>
