<?xml version="1.0" encoding="UTF-8"?>
<!-- Generated by org.testng.reporters.JUnitXMLReporter -->
<testsuite ignored="0" hostname="LAPTOP-DOES8190" failures="0" tests="7" name="Test" time="16.892" errors="0" timestamp="2023-11-29T13:26:34 IST">
  <testcase classname="testcases.All_Testcases" name="Tc1" time="12.135"/>
  <testcase classname="testcases.All_Testcases" name="Tc2" time="1.585"/>
  <testcase classname="testcases.All_Testcases" name="Tc3" time="1.1"/>
  <testcase classname="testcases.All_Testcases" name="Tc4" time="0.416"/>
  <testcase classname="testcases.All_Testcases" name="Tc5" time="0.806"/>
  <testcase classname="testcases.All_Testcases" name="Tc6" time="0.647"/>
  <testcase classname="testcases.All_Testcases" name="Tc7" time="0.152"/>
</testsuite> <!-- Test -->
